<?xml version="1.0" encoding="UTF-8"?>
<!-- Generated by org.testng.reporters.JUnitReportReporter -->
<testsuite hostname="MacBook-Pro-de-Antonio.local" failures="0" tests="80" name="translatorTest.TranslatorParallelTest" time="805.484" errors="1" timestamp="2021-09-16T21:00:27 PET" skipped="0">
  <testcase classname="translatorTest.TranslatorParallelTest" name="TestTranslation" time="8.437"/>
  <system-out/>
  <testcase classname="translatorTest.TranslatorParallelTest" name="TestTranslation" time="11.050"/>
  <system-out/>
  <testcase classname="translatorTest.TranslatorParallelTest" name="TestTranslation" time="11.040"/>
  <system-out/>
  <testcase classname="translatorTest.TranslatorParallelTest" name="TestTranslation" time="10.831"/>
  <system-out/>
  <testcase classname="translatorTest.TranslatorParallelTest" name="TestTranslation" time="9.400"/>
  <system-out/>
  <testcase classname="translatorTest.TranslatorParallelTest" name="TestTranslation" time="9.448"/>
  <system-out/>
  <testcase classname="translatorTest.TranslatorParallelTest" name="TestTranslation" time="10.821"/>
  <system-out/>
  <testcase classname="translatorTest.TranslatorParallelTest" name="TestTranslation" time="9.669"/>
  <system-out/>
  <testcase classname="translatorTest.TranslatorParallelTest" name="TestTranslation" time="9.649"/>
  <system-out/>
  <testcase classname="translatorTest.TranslatorParallelTest" name="TestTranslation" time="9.714"/>
  <system-out/>
  <testcase classname="translatorTest.TranslatorParallelTest" name="TestTranslation" time="9.803"/>
  <system-out/>
  <testcase classname="translatorTest.TranslatorParallelTest" name="TestTranslation" time="10.204"/>
  <system-out/>
  <testcase classname="translatorTest.TranslatorParallelTest" name="TestTranslation" time="10.876"/>
  <system-out/>
  <testcase classname="translatorTest.TranslatorParallelTest" name="TestTranslation" time="10.825"/>
  <system-out/>
  <testcase classname="translatorTest.TranslatorParallelTest" name="TestTranslation" time="9.438"/>
  <system-out/>
  <testcase classname="translatorTest.TranslatorParallelTest" name="TestTranslation" time="10.760"/>
  <system-out/>
  <testcase classname="translatorTest.TranslatorParallelTest" name="TestTranslation" time="9.646"/>
  <system-out/>
  <testcase classname="translatorTest.TranslatorParallelTest" name="TestTranslation" time="10.337"/>
  <system-out/>
  <testcase classname="translatorTest.TranslatorParallelTest" name="TestTranslation" time="9.962"/>
  <system-out/>
  <testcase classname="translatorTest.TranslatorParallelTest" name="TestTranslation" time="11.033"/>
  <system-out/>
  <testcase classname="translatorTest.TranslatorParallelTest" name="TestTranslation" time="4.003"/>
  <system-out/>
  <testcase classname="translatorTest.TranslatorParallelTest" name="TestTranslation" time="9.371"/>
  <system-out/>
  <testcase classname="translatorTest.TranslatorParallelTest" name="TestTranslation" time="10.276"/>
  <system-out/>
  <testcase classname="translatorTest.TranslatorParallelTest" name="TestTranslation" time="10.489"/>
  <system-out/>
  <testcase classname="translatorTest.TranslatorParallelTest" name="TestTranslation" time="10.861"/>
  <system-out/>
  <testcase classname="translatorTest.TranslatorParallelTest" name="TestTranslation" time="10.387"/>
  <system-out/>
  <testcase classname="translatorTest.TranslatorParallelTest" name="TestTranslation" time="10.221"/>
  <system-out/>
  <testcase classname="translatorTest.TranslatorParallelTest" name="TestTranslation" time="10.696"/>
  <system-out/>
  <testcase classname="translatorTest.TranslatorParallelTest" name="TestTranslation" time="11.104"/>
  <system-out/>
  <testcase classname="translatorTest.TranslatorParallelTest" name="TestTranslation" time="10.380"/>
  <system-out/>
  <testcase classname="translatorTest.TranslatorParallelTest" name="TestTranslation" time="10.202"/>
  <system-out/>
  <testcase classname="translatorTest.TranslatorParallelTest" name="TestTranslation" time="8.122"/>
  <system-out/>
  <testcase classname="translatorTest.TranslatorParallelTest" name="TestTranslation" time="10.807"/>
  <system-out/>
  <testcase classname="translatorTest.TranslatorParallelTest" name="TestTranslation" time="10.256"/>
  <system-out/>
  <testcase classname="translatorTest.TranslatorParallelTest" name="TestTranslation" time="10.244"/>
  <system-out/>
  <testcase classname="translatorTest.TranslatorParallelTest" name="TestTranslation" time="10.519"/>
  <system-out/>
  <testcase classname="translatorTest.TranslatorParallelTest" name="TestTranslation" time="10.877"/>
  <system-out/>
  <testcase classname="translatorTest.TranslatorParallelTest" name="TestTranslation" time="9.365"/>
  <system-out/>
  <testcase classname="translatorTest.TranslatorParallelTest" name="TestTranslation" time="11.042"/>
  <system-out/>
  <testcase classname="translatorTest.TranslatorParallelTest" name="TestTranslation" time="10.134"/>
  <system-out/>
  <testcase classname="translatorTest.TranslatorParallelTest" name="TestTranslation" time="10.208"/>
  <system-out/>
  <testcase classname="translatorTest.TranslatorParallelTest" name="TestTranslation" time="11.107"/>
  <system-out/>
  <testcase classname="translatorTest.TranslatorParallelTest" name="TestTranslation" time="10.834"/>
  <system-out/>
  <testcase classname="translatorTest.TranslatorParallelTest" name="TestTranslation" time="10.207"/>
  <system-out/>
  <testcase classname="translatorTest.TranslatorParallelTest" name="TestTranslation" time="10.355"/>
  <system-out/>
  <testcase classname="translatorTest.TranslatorParallelTest" name="TestTranslation" time="10.395"/>
  <system-out/>
  <testcase classname="translatorTest.TranslatorParallelTest" name="TestTranslation" time="11.071"/>
  <system-out/>
  <testcase classname="translatorTest.TranslatorParallelTest" name="TestTranslation" time="9.963"/>
  <system-out/>
  <testcase classname="translatorTest.TranslatorParallelTest" name="TestTranslation" time="9.783">
    <error message="Connect timed out" type="java.net.SocketTimeoutException">
      <![CDATA[java.net.SocketTimeoutException: Connect timed out
at java.base/sun.nio.ch.NioSocketImpl.timedFinishConnect(NioSocketImpl.java:546)
at java.base/sun.nio.ch.NioSocketImpl.connect(NioSocketImpl.java:597)
at java.base/java.net.SocksSocketImpl.connect(SocksSocketImpl.java:333)
at java.base/java.net.Socket.connect(Socket.java:645)
at java.base/sun.security.ssl.SSLSocketImpl.connect(SSLSocketImpl.java:290)
at java.base/sun.net.NetworkClient.doConnect(NetworkClient.java:177)
at java.base/sun.net.www.http.HttpClient.openServer(HttpClient.java:497)
at java.base/sun.net.www.http.HttpClient.openServer(HttpClient.java:600)
at java.base/sun.net.www.protocol.https.HttpsClient.<init>(HttpsClient.java:265)
at java.base/sun.net.www.protocol.https.HttpsClient.New(HttpsClient.java:379)
at java.base/sun.net.www.protocol.https.AbstractDelegateHttpsURLConnection.getNewHttpClient(AbstractDelegateHttpsURLConnection.java:189)
at java.base/sun.net.www.protocol.http.HttpURLConnection.plainConnect0(HttpURLConnection.java:1232)
at java.base/sun.net.www.protocol.http.HttpURLConnection.plainConnect(HttpURLConnection.java:1120)
at java.base/sun.net.www.protocol.https.AbstractDelegateHttpsURLConnection.connect(AbstractDelegateHttpsURLConnection.java:175)
at java.base/sun.net.www.protocol.http.HttpURLConnection.followRedirect0(HttpURLConnection.java:2872)
at java.base/sun.net.www.protocol.http.HttpURLConnection.followRedirect(HttpURLConnection.java:2782)
at java.base/sun.net.www.protocol.http.HttpURLConnection.getInputStream0(HttpURLConnection.java:1915)
at java.base/sun.net.www.protocol.http.HttpURLConnection.getInputStream(HttpURLConnection.java:1577)
at java.base/sun.net.www.protocol.https.HttpsURLConnectionImpl.getInputStream(HttpsURLConnectionImpl.java:224)
at translate.Translator.translate(Translator.java:38)
at translatorTest.TranslatorParallelTest.TestTranslation(TranslatorParallelTest.java:15)
at java.base/jdk.internal.reflect.NativeMethodAccessorImpl.invoke0(Native Method)
at java.base/jdk.internal.reflect.NativeMethodAccessorImpl.invoke(NativeMethodAccessorImpl.java:78)
at java.base/jdk.internal.reflect.DelegatingMethodAccessorImpl.invoke(DelegatingMethodAccessorImpl.java:43)
at java.base/java.lang.reflect.Method.invoke(Method.java:567)
at org.testng.internal.MethodInvocationHelper.invokeMethod(MethodInvocationHelper.java:132)
at org.testng.internal.TestInvoker.invokeMethod(TestInvoker.java:599)
at org.testng.internal.TestInvoker.invokeTestMethod(TestInvoker.java:174)
at org.testng.internal.MethodRunner.runInSequence(MethodRunner.java:46)
at org.testng.internal.TestInvoker$MethodInvocationAgent.invoke(TestInvoker.java:822)
at org.testng.internal.TestInvoker.invokeTestMethods(TestInvoker.java:147)
at org.testng.internal.TestMethodWorker.invokeTestMethods(TestMethodWorker.java:146)
at org.testng.internal.TestMethodWorker.run(TestMethodWorker.java:128)
at org.testng.internal.thread.ThreadUtil.lambda$execute$0(ThreadUtil.java:66)
at java.base/java.util.concurrent.FutureTask.run(FutureTask.java:264)
at java.base/java.util.concurrent.ThreadPoolExecutor.runWorker(ThreadPoolExecutor.java:1130)
at java.base/java.util.concurrent.ThreadPoolExecutor$Worker.run(ThreadPoolExecutor.java:630)
at java.base/java.lang.Thread.run(Thread.java:831)
]]>
    </error>
  </testcase> <!-- TestTranslation -->
  <system-out/>
  <testcase classname="translatorTest.TranslatorParallelTest" name="TestTranslation" time="9.973"/>
  <system-out/>
  <testcase classname="translatorTest.TranslatorParallelTest" name="TestTranslation" time="10.863"/>
  <system-out/>
  <testcase classname="translatorTest.TranslatorParallelTest" name="TestTranslation" time="9.659"/>
  <system-out/>
  <testcase classname="translatorTest.TranslatorParallelTest" name="TestTranslation" time="7.382"/>
  <system-out/>
  <testcase classname="translatorTest.TranslatorParallelTest" name="TestTranslation" time="9.423"/>
  <system-out/>
  <testcase classname="translatorTest.TranslatorParallelTest" name="TestTranslation" time="10.210"/>
  <system-out/>
  <testcase classname="translatorTest.TranslatorParallelTest" name="TestTranslation" time="9.912"/>
  <system-out/>
  <testcase classname="translatorTest.TranslatorParallelTest" name="TestTranslation" time="10.218"/>
  <system-out/>
  <testcase classname="translatorTest.TranslatorParallelTest" name="TestTranslation" time="10.374"/>
  <system-out/>
  <testcase classname="translatorTest.TranslatorParallelTest" name="TestTranslation" time="10.175"/>
  <system-out/>
  <testcase classname="translatorTest.TranslatorParallelTest" name="TestTranslation" time="10.275"/>
  <system-out/>
  <testcase classname="translatorTest.TranslatorParallelTest" name="TestTranslation" time="10.637"/>
  <system-out/>
  <testcase classname="translatorTest.TranslatorParallelTest" name="TestTranslation" time="9.611"/>
  <system-out/>
  <testcase classname="translatorTest.TranslatorParallelTest" name="TestTranslation" time="11.102"/>
  <system-out/>
  <testcase classname="translatorTest.TranslatorParallelTest" name="TestTranslation" time="11.061"/>
  <system-out/>
  <testcase classname="translatorTest.TranslatorParallelTest" name="TestTranslation" time="11.044"/>
  <system-out/>
  <testcase classname="translatorTest.TranslatorParallelTest" name="TestTranslation" time="9.642"/>
  <system-out/>
  <testcase classname="translatorTest.TranslatorParallelTest" name="TestTranslation" time="10.196"/>
  <system-out/>
  <testcase classname="translatorTest.TranslatorParallelTest" name="TestTranslation" time="10.401"/>
  <system-out/>
  <testcase classname="translatorTest.TranslatorParallelTest" name="TestTranslation" time="10.632"/>
  <system-out/>
  <testcase classname="translatorTest.TranslatorParallelTest" name="TestTranslation" time="10.354"/>
  <system-out/>
  <testcase classname="translatorTest.TranslatorParallelTest" name="TestTranslation" time="6.661"/>
  <system-out/>
  <testcase classname="translatorTest.TranslatorParallelTest" name="TestTranslation" time="10.229"/>
  <system-out/>
  <testcase classname="translatorTest.TranslatorParallelTest" name="TestTranslation" time="9.385"/>
  <system-out/>
  <testcase classname="translatorTest.TranslatorParallelTest" name="TestTranslation" time="11.108"/>
  <system-out/>
  <testcase classname="translatorTest.TranslatorParallelTest" name="TestTranslation" time="10.176"/>
  <system-out/>
  <testcase classname="translatorTest.TranslatorParallelTest" name="TestTranslation" time="9.918"/>
  <system-out/>
  <testcase classname="translatorTest.TranslatorParallelTest" name="TestTranslation" time="6.862"/>
  <system-out/>
  <testcase classname="translatorTest.TranslatorParallelTest" name="TestTranslation" time="10.527"/>
  <system-out/>
  <testcase classname="translatorTest.TranslatorParallelTest" name="TestTranslation" time="10.663"/>
  <system-out/>
  <testcase classname="translatorTest.TranslatorParallelTest" name="TestTranslation" time="10.589"/>
  <system-out/>
</testsuite> <!-- translatorTest.TranslatorParallelTest -->
