<?xml version="1.0" encoding="UTF-8"?>
<!-- Generated by org.testng.reporters.JUnitReportReporter -->
<testsuite hostname="MacBook-Pro-de-Antonio.local" failures="0" tests="2" name="main.MainTest" time="0.001" errors="0" timestamp="2021-09-16T01:18:32 PET" skipped="0">
  <testcase classname="main.MainTest" name="testFromLanguage" time="0.001"/>
  <system-out/>
  <testcase classname="main.MainTest" name="testToLanguage" time="0.000"/>
  <system-out/>
</testsuite> <!-- main.MainTest -->
