<?xml version="1.0" encoding="UTF-8"?>
<!-- Generated by org.testng.reporters.JUnitReportReporter -->
<testsuite hostname="MacBook-Pro-de-Antonio.local" failures="0" tests="10" name="translatorTest.TranslatorTest" time="5.848" errors="0" timestamp="2021-09-16T01:07:35 PET" skipped="0">
  <testcase classname="translatorTest.TranslatorTest" name="TestConnBuilderUserAgentSuccess" time="0.001"/>
  <system-out/>
  <testcase classname="translatorTest.TranslatorTest" name="TestTranslateFailEmptyTo" time="0.000"/>
  <system-out/>
  <testcase classname="translatorTest.TranslatorTest" name="TestConnBuilderTranslateSuccess" time="3.740"/>
  <system-out/>
  <testcase classname="translatorTest.TranslatorTest" name="TestConnBuilderTranslateFail" time="1.794"/>
  <system-out/>
  <testcase classname="translatorTest.TranslatorTest" name="TestUrlBuilderSuccess" time="0.001"/>
  <system-out/>
  <testcase classname="translatorTest.TranslatorTest" name="TestUrlBuilderFail" time="0.003"/>
  <system-out/>
  <testcase classname="translatorTest.TranslatorTest" name="TestTranslateFailEmptyFrom" time="0.004"/>
  <system-out/>
  <testcase classname="translatorTest.TranslatorTest" name="TestConnBuilderConnSuccess" time="0.304"/>
  <system-out/>
  <testcase classname="translatorTest.TranslatorTest" name="TestTranslateFailEmptyText" time="0.000"/>
  <system-out/>
  <testcase classname="translatorTest.TranslatorTest" name="TestTranslateFailFullText" time="0.001"/>
  <system-out/>
</testsuite> <!-- translatorTest.TranslatorTest -->
