<?xml version="1.0" encoding="UTF-8"?>
<!-- Generated by org.testng.reporters.JUnitReportReporter -->
<testsuite hostname="MacBook-Pro-de-Antonio.local" failures="0" tests="80" name="translatorTest.TranslatorParallelTest" time="345.835" errors="0" timestamp="2021-09-16T01:43:27 PET" skipped="0">
  <testcase classname="translatorTest.TranslatorParallelTest" name="TestTranslation" time="4.292"/>
  <system-out/>
  <testcase classname="translatorTest.TranslatorParallelTest" name="TestTranslation" time="4.464"/>
  <system-out/>
  <testcase classname="translatorTest.TranslatorParallelTest" name="TestTranslation" time="5.317"/>
  <system-out/>
  <testcase classname="translatorTest.TranslatorParallelTest" name="TestTranslation" time="4.344"/>
  <system-out/>
  <testcase classname="translatorTest.TranslatorParallelTest" name="TestTranslation" time="4.033"/>
  <system-out/>
  <testcase classname="translatorTest.TranslatorParallelTest" name="TestTranslation" time="3.685"/>
  <system-out/>
  <testcase classname="translatorTest.TranslatorParallelTest" name="TestTranslation" time="5.306"/>
  <system-out/>
  <testcase classname="translatorTest.TranslatorParallelTest" name="TestTranslation" time="5.154"/>
  <system-out/>
  <testcase classname="translatorTest.TranslatorParallelTest" name="TestTranslation" time="4.293"/>
  <system-out/>
  <testcase classname="translatorTest.TranslatorParallelTest" name="TestTranslation" time="4.210"/>
  <system-out/>
  <testcase classname="translatorTest.TranslatorParallelTest" name="TestTranslation" time="4.477"/>
  <system-out/>
  <testcase classname="translatorTest.TranslatorParallelTest" name="TestTranslation" time="4.187"/>
  <system-out/>
  <testcase classname="translatorTest.TranslatorParallelTest" name="TestTranslation" time="4.115"/>
  <system-out/>
  <testcase classname="translatorTest.TranslatorParallelTest" name="TestTranslation" time="4.475"/>
  <system-out/>
  <testcase classname="translatorTest.TranslatorParallelTest" name="TestTranslation" time="5.379"/>
  <system-out/>
  <testcase classname="translatorTest.TranslatorParallelTest" name="TestTranslation" time="4.388"/>
  <system-out/>
  <testcase classname="translatorTest.TranslatorParallelTest" name="TestTranslation" time="4.004"/>
  <system-out/>
  <testcase classname="translatorTest.TranslatorParallelTest" name="TestTranslation" time="4.511"/>
  <system-out/>
  <testcase classname="translatorTest.TranslatorParallelTest" name="TestTranslation" time="4.004"/>
  <system-out/>
  <testcase classname="translatorTest.TranslatorParallelTest" name="TestTranslation" time="4.240"/>
  <system-out/>
  <testcase classname="translatorTest.TranslatorParallelTest" name="TestTranslation" time="3.660"/>
  <system-out/>
  <testcase classname="translatorTest.TranslatorParallelTest" name="TestTranslation" time="4.354"/>
  <system-out/>
  <testcase classname="translatorTest.TranslatorParallelTest" name="TestTranslation" time="4.447"/>
  <system-out/>
  <testcase classname="translatorTest.TranslatorParallelTest" name="TestTranslation" time="5.290"/>
  <system-out/>
  <testcase classname="translatorTest.TranslatorParallelTest" name="TestTranslation" time="4.425"/>
  <system-out/>
  <testcase classname="translatorTest.TranslatorParallelTest" name="TestTranslation" time="4.285"/>
  <system-out/>
  <testcase classname="translatorTest.TranslatorParallelTest" name="TestTranslation" time="4.349"/>
  <system-out/>
  <testcase classname="translatorTest.TranslatorParallelTest" name="TestTranslation" time="3.822"/>
  <system-out/>
  <testcase classname="translatorTest.TranslatorParallelTest" name="TestTranslation" time="4.353"/>
  <system-out/>
  <testcase classname="translatorTest.TranslatorParallelTest" name="TestTranslation" time="4.092"/>
  <system-out/>
  <testcase classname="translatorTest.TranslatorParallelTest" name="TestTranslation" time="4.520"/>
  <system-out/>
  <testcase classname="translatorTest.TranslatorParallelTest" name="TestTranslation" time="4.491"/>
  <system-out/>
  <testcase classname="translatorTest.TranslatorParallelTest" name="TestTranslation" time="3.623"/>
  <system-out/>
  <testcase classname="translatorTest.TranslatorParallelTest" name="TestTranslation" time="3.839"/>
  <system-out/>
  <testcase classname="translatorTest.TranslatorParallelTest" name="TestTranslation" time="4.389"/>
  <system-out/>
  <testcase classname="translatorTest.TranslatorParallelTest" name="TestTranslation" time="4.276"/>
  <system-out/>
  <testcase classname="translatorTest.TranslatorParallelTest" name="TestTranslation" time="4.457"/>
  <system-out/>
  <testcase classname="translatorTest.TranslatorParallelTest" name="TestTranslation" time="4.427"/>
  <system-out/>
  <testcase classname="translatorTest.TranslatorParallelTest" name="TestTranslation" time="3.871"/>
  <system-out/>
  <testcase classname="translatorTest.TranslatorParallelTest" name="TestTranslation" time="4.464"/>
  <system-out/>
  <testcase classname="translatorTest.TranslatorParallelTest" name="TestTranslation" time="3.166"/>
  <system-out/>
  <testcase classname="translatorTest.TranslatorParallelTest" name="TestTranslation" time="4.093"/>
  <system-out/>
  <testcase classname="translatorTest.TranslatorParallelTest" name="TestTranslation" time="5.343"/>
  <system-out/>
  <testcase classname="translatorTest.TranslatorParallelTest" name="TestTranslation" time="4.465"/>
  <system-out/>
  <testcase classname="translatorTest.TranslatorParallelTest" name="TestTranslation" time="5.274"/>
  <system-out/>
  <testcase classname="translatorTest.TranslatorParallelTest" name="TestTranslation" time="4.408"/>
  <system-out/>
  <testcase classname="translatorTest.TranslatorParallelTest" name="TestTranslation" time="4.213"/>
  <system-out/>
  <testcase classname="translatorTest.TranslatorParallelTest" name="TestTranslation" time="3.551"/>
  <system-out/>
  <testcase classname="translatorTest.TranslatorParallelTest" name="TestTranslation" time="4.245"/>
  <system-out/>
  <testcase classname="translatorTest.TranslatorParallelTest" name="TestTranslation" time="4.460"/>
  <system-out/>
  <testcase classname="translatorTest.TranslatorParallelTest" name="TestTranslation" time="4.348"/>
  <system-out/>
  <testcase classname="translatorTest.TranslatorParallelTest" name="TestTranslation" time="5.156"/>
  <system-out/>
  <testcase classname="translatorTest.TranslatorParallelTest" name="TestTranslation" time="4.295"/>
  <system-out/>
  <testcase classname="translatorTest.TranslatorParallelTest" name="TestTranslation" time="4.188"/>
  <system-out/>
  <testcase classname="translatorTest.TranslatorParallelTest" name="TestTranslation" time="4.153"/>
  <system-out/>
  <testcase classname="translatorTest.TranslatorParallelTest" name="TestTranslation" time="3.675"/>
  <system-out/>
  <testcase classname="translatorTest.TranslatorParallelTest" name="TestTranslation" time="4.420"/>
  <system-out/>
  <testcase classname="translatorTest.TranslatorParallelTest" name="TestTranslation" time="4.010"/>
  <system-out/>
  <testcase classname="translatorTest.TranslatorParallelTest" name="TestTranslation" time="4.127"/>
  <system-out/>
  <testcase classname="translatorTest.TranslatorParallelTest" name="TestTranslation" time="4.485"/>
  <system-out/>
  <testcase classname="translatorTest.TranslatorParallelTest" name="TestTranslation" time="4.461"/>
  <system-out/>
  <testcase classname="translatorTest.TranslatorParallelTest" name="TestTranslation" time="4.413"/>
  <system-out/>
  <testcase classname="translatorTest.TranslatorParallelTest" name="TestTranslation" time="3.609"/>
  <system-out/>
  <testcase classname="translatorTest.TranslatorParallelTest" name="TestTranslation" time="5.160"/>
  <system-out/>
  <testcase classname="translatorTest.TranslatorParallelTest" name="TestTranslation" time="4.164"/>
  <system-out/>
  <testcase classname="translatorTest.TranslatorParallelTest" name="TestTranslation" time="5.147"/>
  <system-out/>
  <testcase classname="translatorTest.TranslatorParallelTest" name="TestTranslation" time="4.479"/>
  <system-out/>
  <testcase classname="translatorTest.TranslatorParallelTest" name="TestTranslation" time="4.307"/>
  <system-out/>
  <testcase classname="translatorTest.TranslatorParallelTest" name="TestTranslation" time="4.305"/>
  <system-out/>
  <testcase classname="translatorTest.TranslatorParallelTest" name="TestTranslation" time="3.903"/>
  <system-out/>
  <testcase classname="translatorTest.TranslatorParallelTest" name="TestTranslation" time="4.376"/>
  <system-out/>
  <testcase classname="translatorTest.TranslatorParallelTest" name="TestTranslation" time="3.650"/>
  <system-out/>
  <testcase classname="translatorTest.TranslatorParallelTest" name="TestTranslation" time="4.309"/>
  <system-out/>
  <testcase classname="translatorTest.TranslatorParallelTest" name="TestTranslation" time="4.408"/>
  <system-out/>
  <testcase classname="translatorTest.TranslatorParallelTest" name="TestTranslation" time="3.688"/>
  <system-out/>
  <testcase classname="translatorTest.TranslatorParallelTest" name="TestTranslation" time="4.306"/>
  <system-out/>
  <testcase classname="translatorTest.TranslatorParallelTest" name="TestTranslation" time="4.463"/>
  <system-out/>
  <testcase classname="translatorTest.TranslatorParallelTest" name="TestTranslation" time="3.704"/>
  <system-out/>
  <testcase classname="translatorTest.TranslatorParallelTest" name="TestTranslation" time="4.216"/>
  <system-out/>
  <testcase classname="translatorTest.TranslatorParallelTest" name="TestTranslation" time="4.380"/>
  <system-out/>
</testsuite> <!-- translatorTest.TranslatorParallelTest -->
