<?xml version="1.0" encoding="UTF-8"?>
<!-- Generated by org.testng.reporters.JUnitReportReporter -->
<testsuite hostname="MacBook-Pro-de-Antonio.local" failures="0" tests="10" name="translatorTest.TranslatorTest" time="4.600" errors="0" timestamp="2021-09-16T01:28:44 PET" skipped="0">
  <testcase classname="translatorTest.TranslatorTest" name="TestConnBuilderConnSuccess" time="0.368"/>
  <system-out/>
  <testcase classname="translatorTest.TranslatorTest" name="TestTranslateFailFullText" time="0.000"/>
  <system-out/>
  <testcase classname="translatorTest.TranslatorTest" name="TestConnBuilderUserAgentSuccess" time="0.002"/>
  <system-out/>
  <testcase classname="translatorTest.TranslatorTest" name="TestTranslateFailEmptyTo" time="0.000"/>
  <system-out/>
  <testcase classname="translatorTest.TranslatorTest" name="TestUrlBuilderSuccess" time="0.000"/>
  <system-out/>
  <testcase classname="translatorTest.TranslatorTest" name="TestTranslateFailEmptyText" time="0.000"/>
  <system-out/>
  <testcase classname="translatorTest.TranslatorTest" name="TestUrlBuilderFail" time="0.005"/>
  <system-out/>
  <testcase classname="translatorTest.TranslatorTest" name="TestTranslateFailEmptyFrom" time="0.001"/>
  <system-out/>
  <testcase classname="translatorTest.TranslatorTest" name="TestConnBuilderTranslateFail" time="3.154"/>
  <system-out/>
  <testcase classname="translatorTest.TranslatorTest" name="TestConnBuilderTranslateSuccess" time="1.070"/>
  <system-out/>
</testsuite> <!-- translatorTest.TranslatorTest -->
